# JRE version: OpenJDK Runtime Environment Temurin-17.0.4.1+1 (17.0.4.1+1) (build 17.0.4.1+1)
# Java VM: OpenJDK 64-Bit Server VM Temurin-17.0.4.1+1 (17.0.4.1+1, mixed mode, tiered, compressed oops, compressed class ptrs, parallel gc, windows-amd64)
GC Precious Log:
 CPUs: 12 total, 12 available
 Memory: 16230M
 Large Page Support: Disabled
 NUMA Support: Disabled
 Compressed Oops: Enabled (32-bit)
 Alignments: Space 512K, Generation 512K, Heap 2M
 Heap Min Capacity: 100M
 Heap Initial Capacity: 100M
 Heap Max Capacity: 1G
 Pre-touch: Disabled
 Parallel Workers: 10
Heap:
 PSYoungGen      total 18432K, used 2073K [0x00000000eab00000, 0x00000000ebf80000, 0x0000000100000000)
  eden space 15872K, 0% used [0x00000000eab00000,0x00000000eab00000,0x00000000eba80000)
  from space 2560K, 80% used [0x00000000eba80000,0x00000000ebc865e0,0x00000000ebd00000)
  to   space 2560K, 0% used [0x00000000ebd00000,0x00000000ebd00000,0x00000000ebf80000)
 ParOldGen       total 68608K, used 60114K [0x00000000c0000000, 0x00000000c4300000, 0x00000000eab00000)
  object space 68608K, 87% used [0x00000000c0000000,0x00000000c3ab48d8,0x00000000c4300000)
 Metaspace       used 58868K, committed 59776K, reserved 1105920K
  class space    used 6216K, committed 6592K, reserved 1048576K
GC Heap History (20 events):
Event: 32.799 GC heap after
{Heap after GC invocations=28 (full 2):
 PSYoungGen      total 23552K, used 1531K [0x00000000eab00000, 0x00000000ec680000, 0x0000000100000000)
  eden space 22016K, 0% used [0x00000000eab00000,0x00000000eab00000,0x00000000ec080000)
  from space 1536K, 99% used [0x00000000ec380000,0x00000000ec4fecf0,0x00000000ec500000)
  to   space 3072K, 0% used [0x00000000ec080000,0x00000000ec080000,0x00000000ec380000)
 ParOldGen       total 68608K, used 36446K [0x00000000c0000000, 0x00000000c4300000, 0x00000000eab00000)
  object space 68608K, 53% used [0x00000000c0000000,0x00000000c2397aa0,0x00000000c4300000)
 Metaspace       used 55886K, committed 56704K, reserved 1105920K
  class space    used 5933K, committed 6272K, reserved 1048576K
}
Event: 32.906 GC heap before
{Heap before GC invocations=29 (full 2):
 PSYoungGen      total 23552K, used 23547K [0x00000000eab00000, 0x00000000ec680000, 0x0000000100000000)
  eden space 22016K, 100% used [0x00000000eab00000,0x00000000ec080000,0x00000000ec080000)
  from space 1536K, 99% used [0x00000000ec380000,0x00000000ec4fecf0,0x00000000ec500000)
  to   space 3072K, 0% used [0x00000000ec080000,0x00000000ec080000,0x00000000ec380000)
 ParOldGen       total 68608K, used 36446K [0x00000000c0000000, 0x00000000c4300000, 0x00000000eab00000)
  object space 68608K, 53% used [0x00000000c0000000,0x00000000c2397aa0,0x00000000c4300000)
 Metaspace       used 56003K, committed 56896K, reserved 1105920K
  class space    used 5937K, committed 6336K, reserved 1048576K
}
Event: 32.909 GC heap after
{Heap after GC invocations=29 (full 2):
 PSYoungGen      total 23552K, used 1194K [0x00000000eab00000, 0x00000000ec480000, 0x0000000100000000)
  eden space 22016K, 0% used [0x00000000eab00000,0x00000000eab00000,0x00000000ec080000)
  from space 1536K, 77% used [0x00000000ec080000,0x00000000ec1aa8f0,0x00000000ec200000)
  to   space 2048K, 0% used [0x00000000ec280000,0x00000000ec280000,0x00000000ec480000)
 ParOldGen       total 68608K, used 37929K [0x00000000c0000000, 0x00000000c4300000, 0x00000000eab00000)
  object space 68608K, 55% used [0x00000000c0000000,0x00000000c250a650,0x00000000c4300000)
 Metaspace       used 56003K, committed 56896K, reserved 1105920K
  class space    used 5937K, committed 6336K, reserved 1048576K
}
Event: 33.066 GC heap before
{Heap before GC invocations=30 (full 2):
 PSYoungGen      total 23552K, used 23210K [0x00000000eab00000, 0x00000000ec480000, 0x0000000100000000)
  eden space 22016K, 100% used [0x00000000eab00000,0x00000000ec080000,0x00000000ec080000)
  from space 1536K, 77% used [0x00000000ec080000,0x00000000ec1aa8f0,0x00000000ec200000)
  to   space 2048K, 0% used [0x00000000ec280000,0x00000000ec280000,0x00000000ec480000)
 ParOldGen       total 68608K, used 37929K [0x00000000c0000000, 0x00000000c4300000, 0x00000000eab00000)
  object space 68608K, 55% used [0x00000000c0000000,0x00000000c250a650,0x00000000c4300000)
 Metaspace       used 56096K, committed 56960K, reserved 1105920K
  class space    used 5950K, committed 6336K, reserved 1048576K
}
Event: 33.069 GC heap after
{Heap after GC invocations=30 (full 2):
 PSYoungGen      total 22528K, used 2043K [0x00000000eab00000, 0x00000000ec780000, 0x0000000100000000)
  eden space 20480K, 0% used [0x00000000eab00000,0x00000000eab00000,0x00000000ebf00000)
  from space 2048K, 99% used [0x00000000ec280000,0x00000000ec47efe8,0x00000000ec480000)
  to   space 3584K, 0% used [0x00000000ebf00000,0x00000000ebf00000,0x00000000ec280000)
 ParOldGen       total 68608K, used 38891K [0x00000000c0000000, 0x00000000c4300000, 0x00000000eab00000)
  object space 68608K, 56% used [0x00000000c0000000,0x00000000c25fae50,0x00000000c4300000)
 Metaspace       used 56096K, committed 56960K, reserved 1105920K
  class space    used 5950K, committed 6336K, reserved 1048576K
}
Event: 33.843 GC heap before
{Heap before GC invocations=31 (full 2):
 PSYoungGen      total 22528K, used 22523K [0x00000000eab00000, 0x00000000ec780000, 0x0000000100000000)
  eden space 20480K, 100% used [0x00000000eab00000,0x00000000ebf00000,0x00000000ebf00000)
  from space 2048K, 99% used [0x00000000ec280000,0x00000000ec47efe8,0x00000000ec480000)
  to   space 3584K, 0% used [0x00000000ebf00000,0x00000000ebf00000,0x00000000ec280000)
 ParOldGen       total 68608K, used 38891K [0x00000000c0000000, 0x00000000c4300000, 0x00000000eab00000)
  object space 68608K, 56% used [0x00000000c0000000,0x00000000c25fae50,0x00000000c4300000)
 Metaspace       used 57182K, committed 58112K, reserved 1105920K
  class space    used 6051K, committed 6464K, reserved 1048576K
}
Event: 33.849 GC heap after
{Heap after GC invocations=31 (full 2):
 PSYoungGen      total 23552K, used 2710K [0x00000000eab00000, 0x00000000ec500000, 0x0000000100000000)
  eden space 20480K, 0% used [0x00000000eab00000,0x00000000eab00000,0x00000000ebf00000)
  from space 3072K, 88% used [0x00000000ebf00000,0x00000000ec1a5b20,0x00000000ec200000)
  to   space 3072K, 0% used [0x00000000ec200000,0x00000000ec200000,0x00000000ec500000)
 ParOldGen       total 68608K, used 40874K [0x00000000c0000000, 0x00000000c4300000, 0x00000000eab00000)
  object space 68608K, 59% used [0x00000000c0000000,0x00000000c27eab58,0x00000000c4300000)
 Metaspace       used 57182K, committed 58112K, reserved 1105920K
  class space    used 6051K, committed 6464K, reserved 1048576K
}
Event: 34.460 GC heap before
{Heap before GC invocations=32 (full 2):
 PSYoungGen      total 23552K, used 23190K [0x00000000eab00000, 0x00000000ec500000, 0x0000000100000000)
  eden space 20480K, 100% used [0x00000000eab00000,0x00000000ebf00000,0x00000000ebf00000)
  from space 3072K, 88% used [0x00000000ebf00000,0x00000000ec1a5b20,0x00000000ec200000)
  to   space 3072K, 0% used [0x00000000ec200000,0x00000000ec200000,0x00000000ec500000)
 ParOldGen       total 68608K, used 40874K [0x00000000c0000000, 0x00000000c4300000, 0x00000000eab00000)
  object space 68608K, 59% used [0x00000000c0000000,0x00000000c27eab58,0x00000000c4300000)
 Metaspace       used 57321K, committed 58176K, reserved 1105920K
  class space    used 6071K, committed 6464K, reserved 1048576K
}
Event: 34.464 GC heap after
{Heap after GC invocations=32 (full 2):
 PSYoungGen      total 18944K, used 3044K [0x00000000eab00000, 0x00000000ece00000, 0x0000000100000000)
  eden space 15872K, 0% used [0x00000000eab00000,0x00000000eab00000,0x00000000eba80000)
  from space 3072K, 99% used [0x00000000ec200000,0x00000000ec4f90b0,0x00000000ec500000)
  to   space 7680K, 0% used [0x00000000eba80000,0x00000000eba80000,0x00000000ec200000)
 ParOldGen       total 68608K, used 44490K [0x00000000c0000000, 0x00000000c4300000, 0x00000000eab00000)
  object space 68608K, 64% used [0x00000000c0000000,0x00000000c2b72910,0x00000000c4300000)
 Metaspace       used 57321K, committed 58176K, reserved 1105920K
  class space    used 6071K, committed 6464K, reserved 1048576K
}
Event: 35.148 GC heap before
{Heap before GC invocations=33 (full 2):
 PSYoungGen      total 18944K, used 18916K [0x00000000eab00000, 0x00000000ece00000, 0x0000000100000000)
  eden space 15872K, 100% used [0x00000000eab00000,0x00000000eba80000,0x00000000eba80000)
  from space 3072K, 99% used [0x00000000ec200000,0x00000000ec4f90b0,0x00000000ec500000)
  to   space 7680K, 0% used [0x00000000eba80000,0x00000000eba80000,0x00000000ec200000)
 ParOldGen       total 68608K, used 44490K [0x00000000c0000000, 0x00000000c4300000, 0x00000000eab00000)
  object space 68608K, 64% used [0x00000000c0000000,0x00000000c2b72910,0x00000000c4300000)
 Metaspace       used 57402K, committed 58304K, reserved 1105920K
  class space    used 6074K, committed 6464K, reserved 1048576K
}
Event: 35.153 GC heap after
{Heap after GC invocations=33 (full 2):
 PSYoungGen      total 19456K, used 3411K [0x00000000eab00000, 0x00000000ec380000, 0x0000000100000000)
  eden space 15872K, 0% used [0x00000000eab00000,0x00000000eab00000,0x00000000eba80000)
  from space 3584K, 95% used [0x00000000eba80000,0x00000000ebdd4f28,0x00000000ebe00000)
  to   space 4608K, 0% used [0x00000000ebf00000,0x00000000ebf00000,0x00000000ec380000)
 ParOldGen       total 68608K, used 47447K [0x00000000c0000000, 0x00000000c4300000, 0x00000000eab00000)
  object space 68608K, 69% used [0x00000000c0000000,0x00000000c2e55e00,0x00000000c4300000)
 Metaspace       used 57402K, committed 58304K, reserved 1105920K
  class space    used 6074K, committed 6464K, reserved 1048576K
}
Event: 36.300 GC heap before
{Heap before GC invocations=34 (full 2):
 PSYoungGen      total 19456K, used 19283K [0x00000000eab00000, 0x00000000ec380000, 0x0000000100000000)
  eden space 15872K, 100% used [0x00000000eab00000,0x00000000eba80000,0x00000000eba80000)
  from space 3584K, 95% used [0x00000000eba80000,0x00000000ebdd4f28,0x00000000ebe00000)
  to   space 4608K, 0% used [0x00000000ebf00000,0x00000000ebf00000,0x00000000ec380000)
 ParOldGen       total 68608K, used 47447K [0x00000000c0000000, 0x00000000c4300000, 0x00000000eab00000)
  object space 68608K, 69% used [0x00000000c0000000,0x00000000c2e55e00,0x00000000c4300000)
 Metaspace       used 57498K, committed 58368K, reserved 1105920K
  class space    used 6076K, committed 6464K, reserved 1048576K
}
Event: 36.305 GC heap after
{Heap after GC invocations=34 (full 2):
 PSYoungGen      total 19456K, used 3523K [0x00000000eab00000, 0x00000000ec280000, 0x0000000100000000)
  eden space 15872K, 0% used [0x00000000eab00000,0x00000000eab00000,0x00000000eba80000)
  from space 3584K, 98% used [0x00000000ebf00000,0x00000000ec270f30,0x00000000ec280000)
  to   space 4096K, 0% used [0x00000000eba80000,0x00000000eba80000,0x00000000ebe80000)
 ParOldGen       total 68608K, used 50713K [0x00000000c0000000, 0x00000000c4300000, 0x00000000eab00000)
  object space 68608K, 73% used [0x00000000c0000000,0x00000000c31867c8,0x00000000c4300000)
 Metaspace       used 57498K, committed 58368K, reserved 1105920K
  class space    used 6076K, committed 6464K, reserved 1048576K
}
Event: 36.500 GC heap before
{Heap before GC invocations=35 (full 2):
 PSYoungGen      total 19456K, used 19395K [0x00000000eab00000, 0x00000000ec280000, 0x0000000100000000)
  eden space 15872K, 100% used [0x00000000eab00000,0x00000000eba80000,0x00000000eba80000)
  from space 3584K, 98% used [0x00000000ebf00000,0x00000000ec270f30,0x00000000ec280000)
  to   space 4096K, 0% used [0x00000000eba80000,0x00000000eba80000,0x00000000ebe80000)
 ParOldGen       total 68608K, used 50713K [0x00000000c0000000, 0x00000000c4300000, 0x00000000eab00000)
  object space 68608K, 73% used [0x00000000c0000000,0x00000000c31867c8,0x00000000c4300000)
 Metaspace       used 57609K, committed 58496K, reserved 1105920K
  class space    used 6087K, committed 6464K, reserved 1048576K
}
Event: 36.506 GC heap after
{Heap after GC invocations=35 (full 2):
 PSYoungGen      total 19968K, used 3655K [0x00000000eab00000, 0x00000000ec280000, 0x0000000100000000)
  eden space 15872K, 0% used [0x00000000eab00000,0x00000000eab00000,0x00000000eba80000)
  from space 4096K, 89% used [0x00000000eba80000,0x00000000ebe11d08,0x00000000ebe80000)
  to   space 4096K, 0% used [0x00000000ebe80000,0x00000000ebe80000,0x00000000ec280000)
 ParOldGen       total 68608K, used 54117K [0x00000000c0000000, 0x00000000c4300000, 0x00000000eab00000)
  object space 68608K, 78% used [0x00000000c0000000,0x00000000c34d9770,0x00000000c4300000)
 Metaspace       used 57609K, committed 58496K, reserved 1105920K
  class space    used 6087K, committed 6464K, reserved 1048576K
}
Event: 36.825 GC heap before
{Heap before GC invocations=36 (full 2):
 PSYoungGen      total 19968K, used 19527K [0x00000000eab00000, 0x00000000ec280000, 0x0000000100000000)
  eden space 15872K, 100% used [0x00000000eab00000,0x00000000eba80000,0x00000000eba80000)
  from space 4096K, 89% used [0x00000000eba80000,0x00000000ebe11d08,0x00000000ebe80000)
  to   space 4096K, 0% used [0x00000000ebe80000,0x00000000ebe80000,0x00000000ec280000)
 ParOldGen       total 68608K, used 54117K [0x00000000c0000000, 0x00000000c4300000, 0x00000000eab00000)
  object space 68608K, 78% used [0x00000000c0000000,0x00000000c34d9770,0x00000000c4300000)
 Metaspace       used 58231K, committed 59136K, reserved 1105920K
  class space    used 6158K, committed 6528K, reserved 1048576K
}
Event: 36.832 GC heap after
{Heap after GC invocations=36 (full 2):
 PSYoungGen      total 18944K, used 2859K [0x00000000eab00000, 0x00000000ec180000, 0x0000000100000000)
  eden space 15872K, 0% used [0x00000000eab00000,0x00000000eab00000,0x00000000eba80000)
  from space 3072K, 93% used [0x00000000ebe80000,0x00000000ec14ae78,0x00000000ec180000)
  to   space 3584K, 0% used [0x00000000eba80000,0x00000000eba80000,0x00000000ebe00000)
 ParOldGen       total 68608K, used 57522K [0x00000000c0000000, 0x00000000c4300000, 0x00000000eab00000)
  object space 68608K, 83% used [0x00000000c0000000,0x00000000c382cad0,0x00000000c4300000)
 Metaspace       used 58231K, committed 59136K, reserved 1105920K
  class space    used 6158K, committed 6528K, reserved 1048576K
}
Event: 37.146 GC heap before
{Heap before GC invocations=37 (full 2):
 PSYoungGen      total 18944K, used 17153K [0x00000000eab00000, 0x00000000ec180000, 0x0000000100000000)
  eden space 15872K, 90% used [0x00000000eab00000,0x00000000eb8f5928,0x00000000eba80000)
  from space 3072K, 93% used [0x00000000ebe80000,0x00000000ec14ae78,0x00000000ec180000)
  to   space 3584K, 0% used [0x00000000eba80000,0x00000000eba80000,0x00000000ebe00000)
 ParOldGen       total 68608K, used 57522K [0x00000000c0000000, 0x00000000c4300000, 0x00000000eab00000)
  object space 68608K, 83% used [0x00000000c0000000,0x00000000c382cad0,0x00000000c4300000)
 Metaspace       used 58868K, committed 59776K, reserved 1105920K
  class space    used 6216K, committed 6592K, reserved 1048576K
}
Event: 37.150 GC heap after
{Heap after GC invocations=37 (full 2):
 PSYoungGen      total 18432K, used 2073K [0x00000000eab00000, 0x00000000ebf80000, 0x0000000100000000)
  eden space 15872K, 0% used [0x00000000eab00000,0x00000000eab00000,0x00000000eba80000)
  from space 2560K, 80% used [0x00000000eba80000,0x00000000ebc865e0,0x00000000ebd00000)
  to   space 2560K, 0% used [0x00000000ebd00000,0x00000000ebd00000,0x00000000ebf80000)
 ParOldGen       total 68608K, used 60114K [0x00000000c0000000, 0x00000000c4300000, 0x00000000eab00000)
  object space 68608K, 87% used [0x00000000c0000000,0x00000000c3ab48d8,0x00000000c4300000)
 Metaspace       used 58868K, committed 59776K, reserved 1105920K
  class space    used 6216K, committed 6592K, reserved 1048576K
}
Event: 37.150 GC heap before
{Heap before GC invocations=38 (full 3):
 PSYoungGen      total 18432K, used 2073K [0x00000000eab00000, 0x00000000ebf80000, 0x0000000100000000)
  eden space 15872K, 0% used [0x00000000eab00000,0x00000000eab00000,0x00000000eba80000)
  from space 2560K, 80% used [0x00000000eba80000,0x00000000ebc865e0,0x00000000ebd00000)
  to   space 2560K, 0% used [0x00000000ebd00000,0x00000000ebd00000,0x00000000ebf80000)
 ParOldGen       total 68608K, used 60114K [0x00000000c0000000, 0x00000000c4300000, 0x00000000eab00000)
  object space 68608K, 87% used [0x00000000c0000000,0x00000000c3ab48d8,0x00000000c4300000)
 Metaspace       used 58868K, committed 59776K, reserved 1105920K
  class space    used 6216K, committed 6592K, reserved 1048576K
}

